<?xml version="1.0" encoding="UTF-8"?>
<testsuite name="com.ds.example.ExampleTest" tests="1" skipped="0" failures="0" errors="0" timestamp="2020-11-30T11:24:29" hostname="DESKTOP-E2MV1NK" time="0.019">
  <properties/>
  <testcase name="shouldShowSimpleAssertion()" classname="com.ds.example.ExampleTest" time="0.019"/>
  <system-out><![CDATA[]]></system-out>
  <system-err><![CDATA[]]></system-err>
</testsuite>
